c:\users\hunkofsteel\dropbox\assignments part1\shumwengsang_lab1_132067d\acomgassignment1\obj\camera.obj
c:\users\hunkofsteel\dropbox\assignments part1\shumwengsang_lab1_132067d\acomgassignment1\obj\main.obj
c:\users\hunkofsteel\dropbox\assignments part1\shumwengsang_lab1_132067d\acomgassignment1\obj\myapplication.obj
c:\users\hunkofsteel\dropbox\assignments part1\shumwengsang_lab1_132067d\acomgassignment1\obj\vc100.pdb
c:\users\hunkofsteel\dropbox\assignments part1\shumwengsang_lab1_132067d\acomgassignment1\bin\debug\dm2210_lab.ilk
c:\users\hunkofsteel\dropbox\assignments part1\shumwengsang_lab1_132067d\acomgassignment1\bin\debug\dm2210_lab.exe
c:\users\hunkofsteel\dropbox\assignments part1\shumwengsang_lab1_132067d\acomgassignment1\obj\dm2210_lab.exe.intermediate.manifest
c:\users\hunkofsteel\dropbox\assignments part1\shumwengsang_lab1_132067d\acomgassignment1\bin\debug\dm2210_lab.pdb
c:\users\hunkofsteel\dropbox\assignments part1\shumwengsang_lab1_132067d\acomgassignment1\obj\dm2210_lab.exe.embed.manifest
c:\users\hunkofsteel\dropbox\assignments part1\shumwengsang_lab1_132067d\acomgassignment1\obj\dm2210_lab.exe.embed.manifest.res
c:\users\hunkofsteel\dropbox\assignments part1\shumwengsang_lab1_132067d\acomgassignment1\obj\cl.command.1.tlog
c:\users\hunkofsteel\dropbox\assignments part1\shumwengsang_lab1_132067d\acomgassignment1\obj\cl.read.1.tlog
c:\users\hunkofsteel\dropbox\assignments part1\shumwengsang_lab1_132067d\acomgassignment1\obj\cl.write.1.tlog
c:\users\hunkofsteel\dropbox\assignments part1\shumwengsang_lab1_132067d\acomgassignment1\obj\link-cvtres.read.1.tlog
c:\users\hunkofsteel\dropbox\assignments part1\shumwengsang_lab1_132067d\acomgassignment1\obj\link-cvtres.write.1.tlog
c:\users\hunkofsteel\dropbox\assignments part1\shumwengsang_lab1_132067d\acomgassignment1\obj\link.14076-cvtres.read.1.tlog
c:\users\hunkofsteel\dropbox\assignments part1\shumwengsang_lab1_132067d\acomgassignment1\obj\link.14076-cvtres.write.1.tlog
c:\users\hunkofsteel\dropbox\assignments part1\shumwengsang_lab1_132067d\acomgassignment1\obj\link.14076.read.1.tlog
c:\users\hunkofsteel\dropbox\assignments part1\shumwengsang_lab1_132067d\acomgassignment1\obj\link.14076.write.1.tlog
c:\users\hunkofsteel\dropbox\assignments part1\shumwengsang_lab1_132067d\acomgassignment1\obj\link.command.1.tlog
c:\users\hunkofsteel\dropbox\assignments part1\shumwengsang_lab1_132067d\acomgassignment1\obj\link.read.1.tlog
c:\users\hunkofsteel\dropbox\assignments part1\shumwengsang_lab1_132067d\acomgassignment1\obj\link.write.1.tlog
c:\users\hunkofsteel\dropbox\assignments part1\shumwengsang_lab1_132067d\acomgassignment1\obj\mt.command.1.tlog
c:\users\hunkofsteel\dropbox\assignments part1\shumwengsang_lab1_132067d\acomgassignment1\obj\mt.read.1.tlog
c:\users\hunkofsteel\dropbox\assignments part1\shumwengsang_lab1_132067d\acomgassignment1\obj\mt.write.1.tlog
c:\users\hunkofsteel\dropbox\assignments part1\shumwengsang_lab1_132067d\acomgassignment1\obj\rc.command.1.tlog
c:\users\hunkofsteel\dropbox\assignments part1\shumwengsang_lab1_132067d\acomgassignment1\obj\rc.read.1.tlog
c:\users\hunkofsteel\dropbox\assignments part1\shumwengsang_lab1_132067d\acomgassignment1\obj\rc.write.1.tlog
c:\users\hunkofsteel\dropbox\assignments part1\shumwengsang_lab1_132067d\acomgassignment1\obj\vc100.idb
c:\users\hunkofsteel\dropbox\assignments part1\shumwengsang_lab1_132067d\acomgassignment1\obj\dm2210_lab_manifest.rc
