Build started 2/27/2015 3:10:20 PM.
     1>Project "C:\Users\m308\Desktop\DLL-Repository\ACOMGASSIGNMENT1\DM2210_Lab\DM2210_Lab.vcxproj" on node 2 (build target(s)).
     1>InitializeBuildStatus:
         Creating "C:\Users\m308\Desktop\DLL-Repository\ACOMGASSIGNMENT1\obj\DM2210_Lab.unsuccessfulbuild" because "AlwaysCreate" was specified.
       ClCompile:
         C:\Program Files (x86)\Microsoft Visual Studio 10.0\VC\bin\CL.exe /c /I"C:\Users\m308\Desktop\DLL-Repository\ACOMGASSIGNMENT1\include" /ZI /nologo /W3 /WX- /Od /Oy- /D WIN32 /D _DEBUG /D _CONSOLE /D _CRT_SECURE_NO_WARNINGS /D _UNICODE /D UNICODE /Gm /EHsc /RTC1 /MDd /GS /fp:precise /Zc:wchar_t /Zc:forScope /Fo"C:\Users\m308\Desktop\DLL-Repository\ACOMGASSIGNMENT1\obj\\" /Fd"C:\Users\m308\Desktop\DLL-Repository\ACOMGASSIGNMENT1\obj\vc100.pdb" /Gd /TP /analyze- /errorReport:prompt myapplication.cpp
         myapplication.cpp
     1>c:\users\m308\desktop\dll-repository\acomgassignment1\dm2210_lab\myapplication.cpp(12): warning C4305: 'initializing' : truncation from 'double' to 'GLfloat'
     1>c:\users\m308\desktop\dll-repository\acomgassignment1\dm2210_lab\myapplication.cpp(12): warning C4305: 'initializing' : truncation from 'double' to 'GLfloat'
     1>c:\users\m308\desktop\dll-repository\acomgassignment1\dm2210_lab\myapplication.cpp(12): warning C4305: 'initializing' : truncation from 'double' to 'GLfloat'
     1>c:\users\m308\desktop\dll-repository\acomgassignment1\dm2210_lab\myapplication.cpp(14): warning C4305: 'initializing' : truncation from 'double' to 'GLfloat'
     1>c:\users\m308\desktop\dll-repository\acomgassignment1\dm2210_lab\myapplication.cpp(14): warning C4305: 'initializing' : truncation from 'double' to 'GLfloat'
     1>c:\users\m308\desktop\dll-repository\acomgassignment1\dm2210_lab\myapplication.cpp(14): warning C4305: 'initializing' : truncation from 'double' to 'GLfloat'
     1>c:\users\m308\desktop\dll-repository\acomgassignment1\dm2210_lab\myapplication.cpp(22): warning C4305: '=' : truncation from 'double' to 'float'
     1>c:\users\m308\desktop\dll-repository\acomgassignment1\dm2210_lab\myapplication.cpp(160): warning C4244: '=' : conversion from 'double' to 'float', possible loss of data
     1>c:\users\m308\desktop\dll-repository\acomgassignment1\dm2210_lab\myapplication.cpp(165): warning C4244: 'argument' : conversion from 'int' to 'GLfloat', possible loss of data
     1>c:\users\m308\desktop\dll-repository\acomgassignment1\dm2210_lab\myapplication.cpp(165): warning C4244: 'argument' : conversion from 'int' to 'GLfloat', possible loss of data
     1>c:\users\m308\desktop\dll-repository\acomgassignment1\dm2210_lab\myapplication.cpp(166): warning C4244: 'argument' : conversion from 'int' to 'GLfloat', possible loss of data
     1>c:\users\m308\desktop\dll-repository\acomgassignment1\dm2210_lab\myapplication.cpp(166): warning C4244: 'argument' : conversion from 'int' to 'GLfloat', possible loss of data
     1>c:\users\m308\desktop\dll-repository\acomgassignment1\dm2210_lab\myapplication.cpp(154): warning C4101: 'nextBlue' : unreferenced local variable
     1>c:\users\m308\desktop\dll-repository\acomgassignment1\dm2210_lab\myapplication.cpp(261): warning C4244: '=' : conversion from 'double' to 'float', possible loss of data
     1>c:\users\m308\desktop\dll-repository\acomgassignment1\dm2210_lab\myapplication.cpp(267): warning C4305: 'argument' : truncation from 'double' to 'GLfloat'
     1>c:\users\m308\desktop\dll-repository\acomgassignment1\dm2210_lab\myapplication.cpp(269): warning C4244: 'argument' : conversion from 'int' to 'GLfloat', possible loss of data
     1>c:\users\m308\desktop\dll-repository\acomgassignment1\dm2210_lab\myapplication.cpp(269): warning C4244: 'argument' : conversion from 'double' to 'GLfloat', possible loss of data
     1>c:\users\m308\desktop\dll-repository\acomgassignment1\dm2210_lab\myapplication.cpp(269): warning C4244: 'argument' : conversion from 'int' to 'GLfloat', possible loss of data
     1>c:\users\m308\desktop\dll-repository\acomgassignment1\dm2210_lab\myapplication.cpp(272): warning C4244: 'argument' : conversion from 'int' to 'GLfloat', possible loss of data
     1>c:\users\m308\desktop\dll-repository\acomgassignment1\dm2210_lab\myapplication.cpp(272): warning C4244: 'argument' : conversion from 'double' to 'GLfloat', possible loss of data
     1>c:\users\m308\desktop\dll-repository\acomgassignment1\dm2210_lab\myapplication.cpp(272): warning C4244: 'argument' : conversion from 'int' to 'GLfloat', possible loss of data
     1>c:\users\m308\desktop\dll-repository\acomgassignment1\dm2210_lab\myapplication.cpp(255): warning C4101: 'nextBlue' : unreferenced local variable
     1>c:\users\m308\desktop\dll-repository\acomgassignment1\dm2210_lab\myapplication.cpp(306): warning C4244: '=' : conversion from 'double' to 'float', possible loss of data
     1>c:\users\m308\desktop\dll-repository\acomgassignment1\dm2210_lab\myapplication.cpp(317): warning C4244: 'argument' : conversion from 'int' to 'GLfloat', possible loss of data
     1>c:\users\m308\desktop\dll-repository\acomgassignment1\dm2210_lab\myapplication.cpp(317): warning C4244: 'argument' : conversion from 'int' to 'GLfloat', possible loss of data
     1>c:\users\m308\desktop\dll-repository\acomgassignment1\dm2210_lab\myapplication.cpp(590): warning C4244: 'initializing' : conversion from 'int' to 'float', possible loss of data
     1>c:\users\m308\desktop\dll-repository\acomgassignment1\dm2210_lab\myapplication.cpp(591): warning C4244: 'initializing' : conversion from 'int' to 'float', possible loss of data
     1>c:\users\m308\desktop\dll-repository\acomgassignment1\dm2210_lab\myapplication.cpp(603): warning C4244: 'argument' : conversion from 'double' to 'float', possible loss of data
     1>c:\users\m308\desktop\dll-repository\acomgassignment1\dm2210_lab\myapplication.cpp(711): warning C4800: 'int' : forcing value to bool 'true' or 'false' (performance warning)
     1>c:\users\m308\desktop\dll-repository\acomgassignment1\dm2210_lab\myapplication.cpp(929): warning C4305: '-=' : truncation from 'double' to 'float'
     1>c:\users\m308\desktop\dll-repository\acomgassignment1\dm2210_lab\myapplication.cpp(934): warning C4244: '=' : conversion from 'int' to 'float', possible loss of data
     1>c:\users\m308\desktop\dll-repository\acomgassignment1\dm2210_lab\myapplication.cpp(988): warning C4244: 'argument' : conversion from 'double' to 'GLfloat', possible loss of data
     1>c:\users\m308\desktop\dll-repository\acomgassignment1\dm2210_lab\myapplication.cpp(988): warning C4244: 'argument' : conversion from 'double' to 'GLfloat', possible loss of data
     1>c:\users\m308\desktop\dll-repository\acomgassignment1\dm2210_lab\myapplication.cpp(993): warning C4244: 'argument' : conversion from 'double' to 'GLfloat', possible loss of data
     1>c:\users\m308\desktop\dll-repository\acomgassignment1\dm2210_lab\myapplication.cpp(993): warning C4244: 'argument' : conversion from 'double' to 'GLfloat', possible loss of data
     1>c:\users\m308\desktop\dll-repository\acomgassignment1\dm2210_lab\myapplication.cpp(998): warning C4244: 'argument' : conversion from 'double' to 'GLfloat', possible loss of data
     1>c:\users\m308\desktop\dll-repository\acomgassignment1\dm2210_lab\myapplication.cpp(998): warning C4244: 'argument' : conversion from 'double' to 'GLfloat', possible loss of data
     1>c:\users\m308\desktop\dll-repository\acomgassignment1\dm2210_lab\myapplication.cpp(1003): warning C4244: 'argument' : conversion from 'double' to 'GLfloat', possible loss of data
     1>c:\users\m308\desktop\dll-repository\acomgassignment1\dm2210_lab\myapplication.cpp(1003): warning C4244: 'argument' : conversion from 'double' to 'GLfloat', possible loss of data
     1>c:\users\m308\desktop\dll-repository\acomgassignment1\dm2210_lab\myapplication.cpp(1151): warning C4244: '=' : conversion from 'double' to 'float', possible loss of data
     1>c:\users\m308\desktop\dll-repository\acomgassignment1\dm2210_lab\myapplication.cpp(1161): warning C4244: '=' : conversion from 'double' to 'float', possible loss of data
     1>c:\users\m308\desktop\dll-repository\acomgassignment1\dm2210_lab\myapplication.cpp(1163): warning C4244: '=' : conversion from 'double' to 'float', possible loss of data
     1>c:\users\m308\desktop\dll-repository\acomgassignment1\dm2210_lab\myapplication.cpp(1167): warning C4552: '-' : operator has no effect; expected operator with side-effect
     1>c:\users\m308\desktop\dll-repository\acomgassignment1\dm2210_lab\myapplication.cpp(1169): warning C4552: '+' : operator has no effect; expected operator with side-effect
     1>c:\users\m308\desktop\dll-repository\acomgassignment1\dm2210_lab\myapplication.cpp(1171): warning C4552: '-' : operator has no effect; expected operator with side-effect
     1>c:\users\m308\desktop\dll-repository\acomgassignment1\dm2210_lab\myapplication.cpp(1173): warning C4552: '+' : operator has no effect; expected operator with side-effect
     1>c:\users\m308\desktop\dll-repository\acomgassignment1\dm2210_lab\myapplication.cpp(1175): warning C4552: '-' : operator has no effect; expected operator with side-effect
     1>c:\users\m308\desktop\dll-repository\acomgassignment1\dm2210_lab\myapplication.cpp(1177): warning C4552: '+' : operator has no effect; expected operator with side-effect
     1>c:\users\m308\desktop\dll-repository\acomgassignment1\dm2210_lab\myapplication.cpp(1190): warning C4244: '=' : conversion from 'double' to 'float', possible loss of data
     1>c:\users\m308\desktop\dll-repository\acomgassignment1\dm2210_lab\myapplication.cpp(1207): warning C4244: '=' : conversion from 'double' to 'float', possible loss of data
     1>c:\users\m308\desktop\dll-repository\acomgassignment1\dm2210_lab\myapplication.cpp(1224): warning C4244: '=' : conversion from 'double' to 'float', possible loss of data
     1>c:\users\m308\desktop\dll-repository\acomgassignment1\dm2210_lab\myapplication.cpp(1133): warning C4101: 'min' : unreferenced local variable
     1>c:\users\m308\desktop\dll-repository\acomgassignment1\dm2210_lab\myapplication.cpp(1133): warning C4101: 'max' : unreferenced local variable
     1>c:\users\m308\desktop\dll-repository\acomgassignment1\dm2210_lab\myapplication.cpp(1338): warning C4244: '+=' : conversion from 'double' to 'float', possible loss of data
     1>c:\users\m308\desktop\dll-repository\acomgassignment1\dm2210_lab\myapplication.cpp(1474): warning C4018: '<' : signed/unsigned mismatch
     1>c:\users\m308\desktop\dll-repository\acomgassignment1\dm2210_lab\myapplication.cpp(1530): warning C4244: 'argument' : conversion from 'int' to 'GLfloat', possible loss of data
     1>c:\users\m308\desktop\dll-repository\acomgassignment1\dm2210_lab\myapplication.cpp(1530): warning C4244: 'argument' : conversion from 'int' to 'GLfloat', possible loss of data
     1>c:\users\m308\desktop\dll-repository\acomgassignment1\dm2210_lab\myapplication.cpp(1531): warning C4244: 'argument' : conversion from 'int' to 'GLfloat', possible loss of data
     1>c:\users\m308\desktop\dll-repository\acomgassignment1\dm2210_lab\myapplication.cpp(1531): warning C4244: 'argument' : conversion from 'int' to 'GLfloat', possible loss of data
     1>c:\users\m308\desktop\dll-repository\acomgassignment1\dm2210_lab\myapplication.cpp(1532): warning C4244: 'argument' : conversion from 'int' to 'GLfloat', possible loss of data
     1>c:\users\m308\desktop\dll-repository\acomgassignment1\dm2210_lab\myapplication.cpp(1532): warning C4244: 'argument' : conversion from 'int' to 'GLfloat', possible loss of data
     1>c:\users\m308\desktop\dll-repository\acomgassignment1\dm2210_lab\myapplication.cpp(1533): warning C4244: 'argument' : conversion from 'int' to 'GLfloat', possible loss of data
     1>c:\users\m308\desktop\dll-repository\acomgassignment1\dm2210_lab\myapplication.cpp(1533): warning C4244: 'argument' : conversion from 'int' to 'GLfloat', possible loss of data
     1>c:\users\m308\desktop\dll-repository\acomgassignment1\dm2210_lab\myapplication.cpp(1546): warning C4244: 'argument' : conversion from 'int' to 'GLfloat', possible loss of data
     1>c:\users\m308\desktop\dll-repository\acomgassignment1\dm2210_lab\myapplication.cpp(1546): warning C4244: 'argument' : conversion from 'int' to 'GLfloat', possible loss of data
     1>c:\users\m308\desktop\dll-repository\acomgassignment1\dm2210_lab\myapplication.cpp(1547): warning C4244: 'argument' : conversion from 'int' to 'GLfloat', possible loss of data
     1>c:\users\m308\desktop\dll-repository\acomgassignment1\dm2210_lab\myapplication.cpp(1547): warning C4244: 'argument' : conversion from 'int' to 'GLfloat', possible loss of data
     1>c:\users\m308\desktop\dll-repository\acomgassignment1\dm2210_lab\myapplication.cpp(1548): warning C4244: 'argument' : conversion from 'int' to 'GLfloat', possible loss of data
     1>c:\users\m308\desktop\dll-repository\acomgassignment1\dm2210_lab\myapplication.cpp(1548): warning C4244: 'argument' : conversion from 'int' to 'GLfloat', possible loss of data
     1>c:\users\m308\desktop\dll-repository\acomgassignment1\dm2210_lab\myapplication.cpp(1549): warning C4244: 'argument' : conversion from 'int' to 'GLfloat', possible loss of data
     1>c:\users\m308\desktop\dll-repository\acomgassignment1\dm2210_lab\myapplication.cpp(1549): warning C4244: 'argument' : conversion from 'int' to 'GLfloat', possible loss of data
     1>c:\users\m308\desktop\dll-repository\acomgassignment1\dm2210_lab\myapplication.cpp(1572): warning C4244: 'argument' : conversion from 'int' to 'GLfloat', possible loss of data
     1>c:\users\m308\desktop\dll-repository\acomgassignment1\dm2210_lab\myapplication.cpp(1572): warning C4244: 'argument' : conversion from 'int' to 'GLfloat', possible loss of data
     1>c:\users\m308\desktop\dll-repository\acomgassignment1\dm2210_lab\myapplication.cpp(1573): warning C4244: 'argument' : conversion from 'int' to 'GLfloat', possible loss of data
     1>c:\users\m308\desktop\dll-repository\acomgassignment1\dm2210_lab\myapplication.cpp(1573): warning C4244: 'argument' : conversion from 'int' to 'GLfloat', possible loss of data
     1>c:\users\m308\desktop\dll-repository\acomgassignment1\dm2210_lab\myapplication.cpp(1574): warning C4244: 'argument' : conversion from 'int' to 'GLfloat', possible loss of data
     1>c:\users\m308\desktop\dll-repository\acomgassignment1\dm2210_lab\myapplication.cpp(1574): warning C4244: 'argument' : conversion from 'int' to 'GLfloat', possible loss of data
     1>c:\users\m308\desktop\dll-repository\acomgassignment1\dm2210_lab\myapplication.cpp(1575): warning C4244: 'argument' : conversion from 'int' to 'GLfloat', possible loss of data
     1>c:\users\m308\desktop\dll-repository\acomgassignment1\dm2210_lab\myapplication.cpp(1575): warning C4244: 'argument' : conversion from 'int' to 'GLfloat', possible loss of data
       ManifestResourceCompile:
         All outputs are up-to-date.
       Link:
         C:\Program Files (x86)\Microsoft Visual Studio 10.0\VC\bin\link.exe /ERRORREPORT:PROMPT /OUT:"C:\Users\m308\Desktop\DLL-Repository\ACOMGASSIGNMENT1\bin\Debug\DM2210_Lab.exe" /INCREMENTAL /NOLOGO /LIBPATH:"C:\Users\m308\Desktop\DLL-Repository\ACOMGASSIGNMENT1\lib" freeglut.lib winmm.lib kernel32.lib user32.lib gdi32.lib winspool.lib comdlg32.lib advapi32.lib shell32.lib ole32.lib oleaut32.lib uuid.lib odbc32.lib odbccp32.lib /MANIFEST /ManifestFile:"C:\Users\m308\Desktop\DLL-Repository\ACOMGASSIGNMENT1\obj\DM2210_Lab.exe.intermediate.manifest" /MANIFESTUAC:"level='asInvoker' uiAccess='false'" /DEBUG /PDB:"C:\Users\m308\Desktop\DLL-Repository\ACOMGASSIGNMENT1\bin\Debug\DM2210_Lab.pdb" /SUBSYSTEM:CONSOLE /TLBID:1 /DYNAMICBASE /NXCOMPAT /IMPLIB:"C:\Users\m308\Desktop\DLL-Repository\ACOMGASSIGNMENT1\bin\Debug\DM2210_Lab.lib" /MACHINE:X86 "C:\Users\m308\Desktop\DLL-Repository\ACOMGASSIGNMENT1\obj\DM2210_Lab.exe.embed.manifest.res"
         "C:\Users\m308\Desktop\DLL-Repository\ACOMGASSIGNMENT1\obj\Camera.obj"
         "C:\Users\m308\Desktop\DLL-Repository\ACOMGASSIGNMENT1\obj\main.obj"
         "C:\Users\m308\Desktop\DLL-Repository\ACOMGASSIGNMENT1\obj\myapplication.obj"
       Manifest:
         C:\Program Files (x86)\Microsoft SDKs\Windows\v7.0A\bin\mt.exe /nologo /verbose /out:"C:\Users\m308\Desktop\DLL-Repository\ACOMGASSIGNMENT1\obj\DM2210_Lab.exe.embed.manifest" /manifest "C:\Users\m308\Desktop\DLL-Repository\ACOMGASSIGNMENT1\obj\DM2210_Lab.exe.intermediate.manifest"
         All outputs are up-to-date.
       LinkEmbedManifest:
         All outputs are up-to-date.
         DM2210_Lab.vcxproj -> C:\Users\m308\Desktop\DLL-Repository\ACOMGASSIGNMENT1\bin\Debug\DM2210_Lab.exe
       FinalizeBuildStatus:
         Deleting file "C:\Users\m308\Desktop\DLL-Repository\ACOMGASSIGNMENT1\obj\DM2210_Lab.unsuccessfulbuild".
         Touching "C:\Users\m308\Desktop\DLL-Repository\ACOMGASSIGNMENT1\obj\DM2210_Lab.lastbuildstate".
     1>Done Building Project "C:\Users\m308\Desktop\DLL-Repository\ACOMGASSIGNMENT1\DM2210_Lab\DM2210_Lab.vcxproj" (build target(s)).

Build succeeded.

Time Elapsed 00:00:00.81
