Build started 7/5/2014 7:02:15 PM.
     1>Project "C:\Users\HunkofSteel\Dropbox\ASSIGNMENTS PART1\ShumWengSang_Lab1_132067D\ACOMGASSIGNMENT1\DM2210_Lab\DM2210_Lab.vcxproj" on node 2 (Build target(s)).
     1>ClCompile:
         C:\Program Files (x86)\Microsoft Visual Studio 10.0\VC\bin\CL.exe /c /I"C:\Users\HunkofSteel\Dropbox\ASSIGNMENTS PART1\ShumWengSang_Lab1_132067D\ACOMGASSIGNMENT1\include" /ZI /nologo /W3 /WX- /Od /Oy- /D WIN32 /D _DEBUG /D _CONSOLE /D _CRT_SECURE_NO_WARNINGS /D _UNICODE /D UNICODE /Gm /EHsc /RTC1 /MDd /GS /fp:precise /Zc:wchar_t /Zc:forScope /Fo"C:\Users\HunkofSteel\Dropbox\ASSIGNMENTS PART1\ShumWengSang_Lab1_132067D\ACOMGASSIGNMENT1\obj\\" /Fd"C:\Users\HunkofSteel\Dropbox\ASSIGNMENTS PART1\ShumWengSang_Lab1_132067D\ACOMGASSIGNMENT1\obj\vc100.pdb" /Gd /TP /analyze- /errorReport:prompt myapplication.cpp
         myapplication.cpp
     1>c:\users\hunkofsteel\dropbox\assignments part1\shumwengsang_lab1_132067d\acomgassignment1\dm2210_lab\myapplication.cpp(15): warning C4305: '=' : truncation from 'double' to 'float'
     1>c:\users\hunkofsteel\dropbox\assignments part1\shumwengsang_lab1_132067d\acomgassignment1\dm2210_lab\myapplication.cpp(128): warning C4244: 'argument' : conversion from 'double' to 'GLfloat', possible loss of data
     1>c:\users\hunkofsteel\dropbox\assignments part1\shumwengsang_lab1_132067d\acomgassignment1\dm2210_lab\myapplication.cpp(128): warning C4244: 'argument' : conversion from 'double' to 'GLfloat', possible loss of data
     1>c:\users\hunkofsteel\dropbox\assignments part1\shumwengsang_lab1_132067d\acomgassignment1\dm2210_lab\myapplication.cpp(128): warning C4244: 'argument' : conversion from 'double' to 'GLfloat', possible loss of data
     1>c:\users\hunkofsteel\dropbox\assignments part1\shumwengsang_lab1_132067d\acomgassignment1\dm2210_lab\myapplication.cpp(438): warning C4800: 'int' : forcing value to bool 'true' or 'false' (performance warning)
     1>c:\users\hunkofsteel\dropbox\assignments part1\shumwengsang_lab1_132067d\acomgassignment1\dm2210_lab\myapplication.cpp(667): warning C4244: 'argument' : conversion from 'double' to 'GLfloat', possible loss of data
     1>c:\users\hunkofsteel\dropbox\assignments part1\shumwengsang_lab1_132067d\acomgassignment1\dm2210_lab\myapplication.cpp(667): warning C4244: 'argument' : conversion from 'double' to 'GLfloat', possible loss of data
     1>c:\users\hunkofsteel\dropbox\assignments part1\shumwengsang_lab1_132067d\acomgassignment1\dm2210_lab\myapplication.cpp(672): warning C4244: 'argument' : conversion from 'double' to 'GLfloat', possible loss of data
     1>c:\users\hunkofsteel\dropbox\assignments part1\shumwengsang_lab1_132067d\acomgassignment1\dm2210_lab\myapplication.cpp(672): warning C4244: 'argument' : conversion from 'double' to 'GLfloat', possible loss of data
     1>c:\users\hunkofsteel\dropbox\assignments part1\shumwengsang_lab1_132067d\acomgassignment1\dm2210_lab\myapplication.cpp(677): warning C4244: 'argument' : conversion from 'double' to 'GLfloat', possible loss of data
     1>c:\users\hunkofsteel\dropbox\assignments part1\shumwengsang_lab1_132067d\acomgassignment1\dm2210_lab\myapplication.cpp(677): warning C4244: 'argument' : conversion from 'double' to 'GLfloat', possible loss of data
     1>c:\users\hunkofsteel\dropbox\assignments part1\shumwengsang_lab1_132067d\acomgassignment1\dm2210_lab\myapplication.cpp(682): warning C4244: 'argument' : conversion from 'double' to 'GLfloat', possible loss of data
     1>c:\users\hunkofsteel\dropbox\assignments part1\shumwengsang_lab1_132067d\acomgassignment1\dm2210_lab\myapplication.cpp(682): warning C4244: 'argument' : conversion from 'double' to 'GLfloat', possible loss of data
     1>c:\users\hunkofsteel\dropbox\assignments part1\shumwengsang_lab1_132067d\acomgassignment1\dm2210_lab\myapplication.cpp(903): warning C4244: '+=' : conversion from 'double' to 'float', possible loss of data
     1>c:\users\hunkofsteel\dropbox\assignments part1\shumwengsang_lab1_132067d\acomgassignment1\dm2210_lab\myapplication.cpp(929): warning C4305: 'argument' : truncation from 'double' to 'GLfloat'
     1>c:\users\hunkofsteel\dropbox\assignments part1\shumwengsang_lab1_132067d\acomgassignment1\dm2210_lab\myapplication.cpp(929): warning C4305: 'argument' : truncation from 'double' to 'GLfloat'
     1>c:\users\hunkofsteel\dropbox\assignments part1\shumwengsang_lab1_132067d\acomgassignment1\dm2210_lab\myapplication.cpp(934): warning C4244: 'argument' : conversion from 'double' to 'GLfloat', possible loss of data
     1>c:\users\hunkofsteel\dropbox\assignments part1\shumwengsang_lab1_132067d\acomgassignment1\dm2210_lab\myapplication.cpp(934): warning C4305: 'argument' : truncation from 'double' to 'GLfloat'
     1>c:\users\hunkofsteel\dropbox\assignments part1\shumwengsang_lab1_132067d\acomgassignment1\dm2210_lab\myapplication.cpp(936): warning C4244: 'argument' : conversion from 'double' to 'GLfloat', possible loss of data
     1>c:\users\hunkofsteel\dropbox\assignments part1\shumwengsang_lab1_132067d\acomgassignment1\dm2210_lab\myapplication.cpp(936): warning C4305: 'argument' : truncation from 'double' to 'GLfloat'
     1>c:\users\hunkofsteel\dropbox\assignments part1\shumwengsang_lab1_132067d\acomgassignment1\dm2210_lab\myapplication.cpp(938): warning C4244: 'argument' : conversion from 'double' to 'GLfloat', possible loss of data
     1>c:\users\hunkofsteel\dropbox\assignments part1\shumwengsang_lab1_132067d\acomgassignment1\dm2210_lab\myapplication.cpp(938): warning C4305: 'argument' : truncation from 'double' to 'GLfloat'
     1>c:\users\hunkofsteel\dropbox\assignments part1\shumwengsang_lab1_132067d\acomgassignment1\dm2210_lab\myapplication.cpp(938): warning C4305: 'argument' : truncation from 'double' to 'GLfloat'
     1>c:\users\hunkofsteel\dropbox\assignments part1\shumwengsang_lab1_132067d\acomgassignment1\dm2210_lab\myapplication.cpp(940): warning C4244: 'argument' : conversion from 'double' to 'GLfloat', possible loss of data
     1>c:\users\hunkofsteel\dropbox\assignments part1\shumwengsang_lab1_132067d\acomgassignment1\dm2210_lab\myapplication.cpp(940): warning C4305: 'argument' : truncation from 'double' to 'GLfloat'
     1>c:\users\hunkofsteel\dropbox\assignments part1\shumwengsang_lab1_132067d\acomgassignment1\dm2210_lab\myapplication.cpp(940): warning C4305: 'argument' : truncation from 'double' to 'GLfloat'
     1>c:\users\hunkofsteel\dropbox\assignments part1\shumwengsang_lab1_132067d\acomgassignment1\dm2210_lab\myapplication.cpp(1022): warning C4018: '<' : signed/unsigned mismatch
     1>c:\users\hunkofsteel\dropbox\assignments part1\shumwengsang_lab1_132067d\acomgassignment1\dm2210_lab\myapplication.cpp(1068): warning C4244: 'argument' : conversion from 'int' to 'GLfloat', possible loss of data
     1>c:\users\hunkofsteel\dropbox\assignments part1\shumwengsang_lab1_132067d\acomgassignment1\dm2210_lab\myapplication.cpp(1068): warning C4244: 'argument' : conversion from 'int' to 'GLfloat', possible loss of data
     1>c:\users\hunkofsteel\dropbox\assignments part1\shumwengsang_lab1_132067d\acomgassignment1\dm2210_lab\myapplication.cpp(1069): warning C4244: 'argument' : conversion from 'int' to 'GLfloat', possible loss of data
     1>c:\users\hunkofsteel\dropbox\assignments part1\shumwengsang_lab1_132067d\acomgassignment1\dm2210_lab\myapplication.cpp(1069): warning C4244: 'argument' : conversion from 'int' to 'GLfloat', possible loss of data
     1>c:\users\hunkofsteel\dropbox\assignments part1\shumwengsang_lab1_132067d\acomgassignment1\dm2210_lab\myapplication.cpp(1070): warning C4244: 'argument' : conversion from 'int' to 'GLfloat', possible loss of data
     1>c:\users\hunkofsteel\dropbox\assignments part1\shumwengsang_lab1_132067d\acomgassignment1\dm2210_lab\myapplication.cpp(1070): warning C4244: 'argument' : conversion from 'int' to 'GLfloat', possible loss of data
     1>c:\users\hunkofsteel\dropbox\assignments part1\shumwengsang_lab1_132067d\acomgassignment1\dm2210_lab\myapplication.cpp(1071): warning C4244: 'argument' : conversion from 'int' to 'GLfloat', possible loss of data
     1>c:\users\hunkofsteel\dropbox\assignments part1\shumwengsang_lab1_132067d\acomgassignment1\dm2210_lab\myapplication.cpp(1071): warning C4244: 'argument' : conversion from 'int' to 'GLfloat', possible loss of data
     1>c:\users\hunkofsteel\dropbox\assignments part1\shumwengsang_lab1_132067d\acomgassignment1\dm2210_lab\myapplication.cpp(1080): warning C4244: 'argument' : conversion from 'int' to 'GLfloat', possible loss of data
     1>c:\users\hunkofsteel\dropbox\assignments part1\shumwengsang_lab1_132067d\acomgassignment1\dm2210_lab\myapplication.cpp(1080): warning C4244: 'argument' : conversion from 'int' to 'GLfloat', possible loss of data
     1>c:\users\hunkofsteel\dropbox\assignments part1\shumwengsang_lab1_132067d\acomgassignment1\dm2210_lab\myapplication.cpp(1081): warning C4244: 'argument' : conversion from 'int' to 'GLfloat', possible loss of data
     1>c:\users\hunkofsteel\dropbox\assignments part1\shumwengsang_lab1_132067d\acomgassignment1\dm2210_lab\myapplication.cpp(1081): warning C4244: 'argument' : conversion from 'int' to 'GLfloat', possible loss of data
     1>c:\users\hunkofsteel\dropbox\assignments part1\shumwengsang_lab1_132067d\acomgassignment1\dm2210_lab\myapplication.cpp(1082): warning C4244: 'argument' : conversion from 'int' to 'GLfloat', possible loss of data
     1>c:\users\hunkofsteel\dropbox\assignments part1\shumwengsang_lab1_132067d\acomgassignment1\dm2210_lab\myapplication.cpp(1082): warning C4244: 'argument' : conversion from 'int' to 'GLfloat', possible loss of data
     1>c:\users\hunkofsteel\dropbox\assignments part1\shumwengsang_lab1_132067d\acomgassignment1\dm2210_lab\myapplication.cpp(1083): warning C4244: 'argument' : conversion from 'int' to 'GLfloat', possible loss of data
     1>c:\users\hunkofsteel\dropbox\assignments part1\shumwengsang_lab1_132067d\acomgassignment1\dm2210_lab\myapplication.cpp(1083): warning C4244: 'argument' : conversion from 'int' to 'GLfloat', possible loss of data
     1>c:\users\hunkofsteel\dropbox\assignments part1\shumwengsang_lab1_132067d\acomgassignment1\dm2210_lab\myapplication.cpp(1102): warning C4244: 'argument' : conversion from 'int' to 'GLfloat', possible loss of data
     1>c:\users\hunkofsteel\dropbox\assignments part1\shumwengsang_lab1_132067d\acomgassignment1\dm2210_lab\myapplication.cpp(1102): warning C4244: 'argument' : conversion from 'int' to 'GLfloat', possible loss of data
     1>c:\users\hunkofsteel\dropbox\assignments part1\shumwengsang_lab1_132067d\acomgassignment1\dm2210_lab\myapplication.cpp(1103): warning C4244: 'argument' : conversion from 'int' to 'GLfloat', possible loss of data
     1>c:\users\hunkofsteel\dropbox\assignments part1\shumwengsang_lab1_132067d\acomgassignment1\dm2210_lab\myapplication.cpp(1103): warning C4244: 'argument' : conversion from 'int' to 'GLfloat', possible loss of data
     1>c:\users\hunkofsteel\dropbox\assignments part1\shumwengsang_lab1_132067d\acomgassignment1\dm2210_lab\myapplication.cpp(1104): warning C4244: 'argument' : conversion from 'int' to 'GLfloat', possible loss of data
     1>c:\users\hunkofsteel\dropbox\assignments part1\shumwengsang_lab1_132067d\acomgassignment1\dm2210_lab\myapplication.cpp(1104): warning C4244: 'argument' : conversion from 'int' to 'GLfloat', possible loss of data
     1>c:\users\hunkofsteel\dropbox\assignments part1\shumwengsang_lab1_132067d\acomgassignment1\dm2210_lab\myapplication.cpp(1105): warning C4244: 'argument' : conversion from 'int' to 'GLfloat', possible loss of data
     1>c:\users\hunkofsteel\dropbox\assignments part1\shumwengsang_lab1_132067d\acomgassignment1\dm2210_lab\myapplication.cpp(1105): warning C4244: 'argument' : conversion from 'int' to 'GLfloat', possible loss of data
       Link:
         C:\Program Files (x86)\Microsoft Visual Studio 10.0\VC\bin\link.exe /ERRORREPORT:PROMPT /OUT:"C:\Users\HunkofSteel\Dropbox\ASSIGNMENTS PART1\ShumWengSang_Lab1_132067D\ACOMGASSIGNMENT1\bin\Debug\DM2210_Lab.exe" /INCREMENTAL /NOLOGO /LIBPATH:"C:\Users\HunkofSteel\Dropbox\ASSIGNMENTS PART1\ShumWengSang_Lab1_132067D\ACOMGASSIGNMENT1\lib" freeglut.lib winmm.lib kernel32.lib user32.lib gdi32.lib winspool.lib comdlg32.lib advapi32.lib shell32.lib ole32.lib oleaut32.lib uuid.lib odbc32.lib odbccp32.lib /MANIFEST /ManifestFile:"C:\Users\HunkofSteel\Dropbox\ASSIGNMENTS PART1\ShumWengSang_Lab1_132067D\ACOMGASSIGNMENT1\obj\DM2210_Lab.exe.intermediate.manifest" /MANIFESTUAC:"level='asInvoker' uiAccess='false'" /DEBUG /PDB:"C:\Users\HunkofSteel\Dropbox\ASSIGNMENTS PART1\ShumWengSang_Lab1_132067D\ACOMGASSIGNMENT1\bin\Debug\DM2210_Lab.pdb" /SUBSYSTEM:CONSOLE /TLBID:1 /DYNAMICBASE /NXCOMPAT /IMPLIB:"C:\Users\HunkofSteel\Dropbox\ASSIGNMENTS PART1\ShumWengSang_Lab1_132067D\ACOMGASSIGNMENT1\bin\Debug\DM2210_Lab.lib" /MACHINE:X86 "C:\Users\HunkofSteel\Dropbox\ASSIGNMENTS PART1\ShumWengSang_Lab1_132067D\ACOMGASSIGNMENT1\obj\DM2210_Lab.exe.embed.manifest.res"
         "C:\Users\HunkofSteel\Dropbox\ASSIGNMENTS PART1\ShumWengSang_Lab1_132067D\ACOMGASSIGNMENT1\obj\Camera.obj"
         "C:\Users\HunkofSteel\Dropbox\ASSIGNMENTS PART1\ShumWengSang_Lab1_132067D\ACOMGASSIGNMENT1\obj\main.obj"
         "C:\Users\HunkofSteel\Dropbox\ASSIGNMENTS PART1\ShumWengSang_Lab1_132067D\ACOMGASSIGNMENT1\obj\myapplication.obj"
       Manifest:
         C:\Program Files (x86)\Microsoft SDKs\Windows\v7.0A\bin\mt.exe /nologo /verbose /out:"C:\Users\HunkofSteel\Dropbox\ASSIGNMENTS PART1\ShumWengSang_Lab1_132067D\ACOMGASSIGNMENT1\obj\DM2210_Lab.exe.embed.manifest" /manifest "C:\Users\HunkofSteel\Dropbox\ASSIGNMENTS PART1\ShumWengSang_Lab1_132067D\ACOMGASSIGNMENT1\obj\DM2210_Lab.exe.intermediate.manifest"
       LinkEmbedManifest:
         DM2210_Lab.vcxproj -> C:\Users\HunkofSteel\Dropbox\ASSIGNMENTS PART1\ShumWengSang_Lab1_132067D\ACOMGASSIGNMENT1\bin\Debug\DM2210_Lab.exe
     1>Done Building Project "C:\Users\HunkofSteel\Dropbox\ASSIGNMENTS PART1\ShumWengSang_Lab1_132067D\ACOMGASSIGNMENT1\DM2210_Lab\DM2210_Lab.vcxproj" (Build target(s)).

Build succeeded.

Time Elapsed 00:00:06.39
