c:\users\hunkofsteel\dropbox\assignments part1\shumwengsang_lab1_132067d\acomgassignment1\obj\camera.obj
c:\users\hunkofsteel\dropbox\assignments part1\shumwengsang_lab1_132067d\acomgassignment1\obj\main.obj
c:\users\hunkofsteel\dropbox\assignments part1\shumwengsang_lab1_132067d\acomgassignment1\obj\myapplication.obj
c:\users\hunkofsteel\dropbox\assignments part1\shumwengsang_lab1_132067d\acomgassignment1\obj\vc100.pdb
c:\users\hunkofsteel\dropbox\assignments part1\shumwengsang_lab1_132067d\acomgassignment1\bin\debug\dm2210_lab.ilk
c:\users\hunkofsteel\dropbox\assignments part1\shumwengsang_lab1_132067d\acomgassignment1\bin\debug\dm2210_lab.exe
c:\users\hunkofsteel\dropbox\assignments part1\shumwengsang_lab1_132067d\acomgassignment1\obj\dm2210_lab.exe.intermediate.manifest
c:\users\hunkofsteel\dropbox\assignments part1\shumwengsang_lab1_132067d\acomgassignment1\bin\debug\dm2210_lab.pdb
c:\users\hunkofsteel\dropbox\assignments part1\shumwengsang_lab1_132067d\acomgassignment1\obj\dm2210_lab.exe.embed.manifest
c:\users\hunkofsteel\dropbox\assignments part1\shumwengsang_lab1_132067d\acomgassignment1\obj\dm2210_lab.exe.embed.manifest.res
c:\users\hunkofsteel\dropbox\assignments part1\shumwengsang_lab1_132067d\acomgassignment1\obj\cl.command.1.tlog
c:\users\hunkofsteel\dropbox\assignments part1\shumwengsang_lab1_132067d\acomgassignment1\obj\cl.read.1.tlog
c:\users\hunkofsteel\dropbox\assignments part1\shumwengsang_lab1_132067d\acomgassignment1\obj\cl.write.1.tlog
c:\users\hunkofsteel\dropbox\assignments part1\shumwengsang_lab1_132067d\acomgassignment1\obj\link-cvtres.read.1.tlog
c:\users\hunkofsteel\dropbox\assignments part1\shumwengsang_lab1_132067d\acomgassignment1\obj\link-cvtres.write.1.tlog
c:\users\hunkofsteel\dropbox\assignments part1\shumwengsang_lab1_132067d\acomgassignment1\obj\link.10100-cvtres.read.1.tlog
c:\users\hunkofsteel\dropbox\assignments part1\shumwengsang_lab1_132067d\acomgassignment1\obj\link.10100-cvtres.write.1.tlog
c:\users\hunkofsteel\dropbox\assignments part1\shumwengsang_lab1_132067d\acomgassignment1\obj\link.10100.read.1.tlog
c:\users\hunkofsteel\dropbox\assignments part1\shumwengsang_lab1_132067d\acomgassignment1\obj\link.10100.write.1.tlog
c:\users\hunkofsteel\dropbox\assignments part1\shumwengsang_lab1_132067d\acomgassignment1\obj\link.2752-cvtres.read.1.tlog
c:\users\hunkofsteel\dropbox\assignments part1\shumwengsang_lab1_132067d\acomgassignment1\obj\link.2752-cvtres.write.1.tlog
c:\users\hunkofsteel\dropbox\assignments part1\shumwengsang_lab1_132067d\acomgassignment1\obj\link.2752.read.1.tlog
c:\users\hunkofsteel\dropbox\assignments part1\shumwengsang_lab1_132067d\acomgassignment1\obj\link.2752.write.1.tlog
c:\users\hunkofsteel\dropbox\assignments part1\shumwengsang_lab1_132067d\acomgassignment1\obj\link.3652-cvtres.read.1.tlog
c:\users\hunkofsteel\dropbox\assignments part1\shumwengsang_lab1_132067d\acomgassignment1\obj\link.3652-cvtres.write.1.tlog
c:\users\hunkofsteel\dropbox\assignments part1\shumwengsang_lab1_132067d\acomgassignment1\obj\link.3652.read.1.tlog
c:\users\hunkofsteel\dropbox\assignments part1\shumwengsang_lab1_132067d\acomgassignment1\obj\link.3652.write.1.tlog
c:\users\hunkofsteel\dropbox\assignments part1\shumwengsang_lab1_132067d\acomgassignment1\obj\link.4380-cvtres.read.1.tlog
c:\users\hunkofsteel\dropbox\assignments part1\shumwengsang_lab1_132067d\acomgassignment1\obj\link.4380-cvtres.write.1.tlog
c:\users\hunkofsteel\dropbox\assignments part1\shumwengsang_lab1_132067d\acomgassignment1\obj\link.4380.read.1.tlog
c:\users\hunkofsteel\dropbox\assignments part1\shumwengsang_lab1_132067d\acomgassignment1\obj\link.4380.write.1.tlog
c:\users\hunkofsteel\dropbox\assignments part1\shumwengsang_lab1_132067d\acomgassignment1\obj\link.4608-cvtres.read.1.tlog
c:\users\hunkofsteel\dropbox\assignments part1\shumwengsang_lab1_132067d\acomgassignment1\obj\link.4608-cvtres.write.1.tlog
c:\users\hunkofsteel\dropbox\assignments part1\shumwengsang_lab1_132067d\acomgassignment1\obj\link.4608.read.1.tlog
c:\users\hunkofsteel\dropbox\assignments part1\shumwengsang_lab1_132067d\acomgassignment1\obj\link.4608.write.1.tlog
c:\users\hunkofsteel\dropbox\assignments part1\shumwengsang_lab1_132067d\acomgassignment1\obj\link.5380-cvtres.read.1.tlog
c:\users\hunkofsteel\dropbox\assignments part1\shumwengsang_lab1_132067d\acomgassignment1\obj\link.5380-cvtres.write.1.tlog
c:\users\hunkofsteel\dropbox\assignments part1\shumwengsang_lab1_132067d\acomgassignment1\obj\link.5380.read.1.tlog
c:\users\hunkofsteel\dropbox\assignments part1\shumwengsang_lab1_132067d\acomgassignment1\obj\link.5380.write.1.tlog
c:\users\hunkofsteel\dropbox\assignments part1\shumwengsang_lab1_132067d\acomgassignment1\obj\link.5452-cvtres.read.1.tlog
c:\users\hunkofsteel\dropbox\assignments part1\shumwengsang_lab1_132067d\acomgassignment1\obj\link.5452-cvtres.write.1.tlog
c:\users\hunkofsteel\dropbox\assignments part1\shumwengsang_lab1_132067d\acomgassignment1\obj\link.5452.read.1.tlog
c:\users\hunkofsteel\dropbox\assignments part1\shumwengsang_lab1_132067d\acomgassignment1\obj\link.5452.write.1.tlog
c:\users\hunkofsteel\dropbox\assignments part1\shumwengsang_lab1_132067d\acomgassignment1\obj\link.5888-cvtres.read.1.tlog
c:\users\hunkofsteel\dropbox\assignments part1\shumwengsang_lab1_132067d\acomgassignment1\obj\link.5888-cvtres.write.1.tlog
c:\users\hunkofsteel\dropbox\assignments part1\shumwengsang_lab1_132067d\acomgassignment1\obj\link.5888.read.1.tlog
c:\users\hunkofsteel\dropbox\assignments part1\shumwengsang_lab1_132067d\acomgassignment1\obj\link.5888.write.1.tlog
c:\users\hunkofsteel\dropbox\assignments part1\shumwengsang_lab1_132067d\acomgassignment1\obj\link.5948-cvtres.read.1.tlog
c:\users\hunkofsteel\dropbox\assignments part1\shumwengsang_lab1_132067d\acomgassignment1\obj\link.5948-cvtres.write.1.tlog
c:\users\hunkofsteel\dropbox\assignments part1\shumwengsang_lab1_132067d\acomgassignment1\obj\link.5948.read.1.tlog
c:\users\hunkofsteel\dropbox\assignments part1\shumwengsang_lab1_132067d\acomgassignment1\obj\link.5948.write.1.tlog
c:\users\hunkofsteel\dropbox\assignments part1\shumwengsang_lab1_132067d\acomgassignment1\obj\link.6028-cvtres.read.1.tlog
c:\users\hunkofsteel\dropbox\assignments part1\shumwengsang_lab1_132067d\acomgassignment1\obj\link.6028-cvtres.write.1.tlog
c:\users\hunkofsteel\dropbox\assignments part1\shumwengsang_lab1_132067d\acomgassignment1\obj\link.6028.read.1.tlog
c:\users\hunkofsteel\dropbox\assignments part1\shumwengsang_lab1_132067d\acomgassignment1\obj\link.6028.write.1.tlog
c:\users\hunkofsteel\dropbox\assignments part1\shumwengsang_lab1_132067d\acomgassignment1\obj\link.7468-cvtres.read.1.tlog
c:\users\hunkofsteel\dropbox\assignments part1\shumwengsang_lab1_132067d\acomgassignment1\obj\link.7468-cvtres.write.1.tlog
c:\users\hunkofsteel\dropbox\assignments part1\shumwengsang_lab1_132067d\acomgassignment1\obj\link.7468.read.1.tlog
c:\users\hunkofsteel\dropbox\assignments part1\shumwengsang_lab1_132067d\acomgassignment1\obj\link.7468.write.1.tlog
c:\users\hunkofsteel\dropbox\assignments part1\shumwengsang_lab1_132067d\acomgassignment1\obj\link.7984-cvtres.read.1.tlog
c:\users\hunkofsteel\dropbox\assignments part1\shumwengsang_lab1_132067d\acomgassignment1\obj\link.7984-cvtres.write.1.tlog
c:\users\hunkofsteel\dropbox\assignments part1\shumwengsang_lab1_132067d\acomgassignment1\obj\link.7984.read.1.tlog
c:\users\hunkofsteel\dropbox\assignments part1\shumwengsang_lab1_132067d\acomgassignment1\obj\link.7984.write.1.tlog
c:\users\hunkofsteel\dropbox\assignments part1\shumwengsang_lab1_132067d\acomgassignment1\obj\link.8756-cvtres.read.1.tlog
c:\users\hunkofsteel\dropbox\assignments part1\shumwengsang_lab1_132067d\acomgassignment1\obj\link.8756-cvtres.write.1.tlog
c:\users\hunkofsteel\dropbox\assignments part1\shumwengsang_lab1_132067d\acomgassignment1\obj\link.8756.read.1.tlog
c:\users\hunkofsteel\dropbox\assignments part1\shumwengsang_lab1_132067d\acomgassignment1\obj\link.8756.write.1.tlog
c:\users\hunkofsteel\dropbox\assignments part1\shumwengsang_lab1_132067d\acomgassignment1\obj\link.8908-cvtres.read.1.tlog
c:\users\hunkofsteel\dropbox\assignments part1\shumwengsang_lab1_132067d\acomgassignment1\obj\link.8908-cvtres.write.1.tlog
c:\users\hunkofsteel\dropbox\assignments part1\shumwengsang_lab1_132067d\acomgassignment1\obj\link.8908.read.1.tlog
c:\users\hunkofsteel\dropbox\assignments part1\shumwengsang_lab1_132067d\acomgassignment1\obj\link.8908.write.1.tlog
c:\users\hunkofsteel\dropbox\assignments part1\shumwengsang_lab1_132067d\acomgassignment1\obj\link.9048-cvtres.read.1.tlog
c:\users\hunkofsteel\dropbox\assignments part1\shumwengsang_lab1_132067d\acomgassignment1\obj\link.9048-cvtres.write.1.tlog
c:\users\hunkofsteel\dropbox\assignments part1\shumwengsang_lab1_132067d\acomgassignment1\obj\link.9048.read.1.tlog
c:\users\hunkofsteel\dropbox\assignments part1\shumwengsang_lab1_132067d\acomgassignment1\obj\link.9048.write.1.tlog
c:\users\hunkofsteel\dropbox\assignments part1\shumwengsang_lab1_132067d\acomgassignment1\obj\link.9364-cvtres.read.1.tlog
c:\users\hunkofsteel\dropbox\assignments part1\shumwengsang_lab1_132067d\acomgassignment1\obj\link.9364-cvtres.write.1.tlog
c:\users\hunkofsteel\dropbox\assignments part1\shumwengsang_lab1_132067d\acomgassignment1\obj\link.9364.read.1.tlog
c:\users\hunkofsteel\dropbox\assignments part1\shumwengsang_lab1_132067d\acomgassignment1\obj\link.9364.write.1.tlog
c:\users\hunkofsteel\dropbox\assignments part1\shumwengsang_lab1_132067d\acomgassignment1\obj\link.command.1.tlog
c:\users\hunkofsteel\dropbox\assignments part1\shumwengsang_lab1_132067d\acomgassignment1\obj\link.read.1.tlog
c:\users\hunkofsteel\dropbox\assignments part1\shumwengsang_lab1_132067d\acomgassignment1\obj\link.write.1.tlog
c:\users\hunkofsteel\dropbox\assignments part1\shumwengsang_lab1_132067d\acomgassignment1\obj\mt.command.1.tlog
c:\users\hunkofsteel\dropbox\assignments part1\shumwengsang_lab1_132067d\acomgassignment1\obj\mt.read.1.tlog
c:\users\hunkofsteel\dropbox\assignments part1\shumwengsang_lab1_132067d\acomgassignment1\obj\mt.write.1.tlog
c:\users\hunkofsteel\dropbox\assignments part1\shumwengsang_lab1_132067d\acomgassignment1\obj\rc.command.1.tlog
c:\users\hunkofsteel\dropbox\assignments part1\shumwengsang_lab1_132067d\acomgassignment1\obj\rc.read.1.tlog
c:\users\hunkofsteel\dropbox\assignments part1\shumwengsang_lab1_132067d\acomgassignment1\obj\rc.write.1.tlog
c:\users\hunkofsteel\dropbox\assignments part1\shumwengsang_lab1_132067d\acomgassignment1\obj\vc100.idb
c:\users\hunkofsteel\dropbox\assignments part1\shumwengsang_lab1_132067d\acomgassignment1\obj\dm2210_lab_manifest.rc
